2021-04-13 21:52:03,345[ISO8601] [main] INFO  hsqldb.db.HSQLDB6BD103EBD8.ENGINE  - dataFileCache open start
2021-04-13 21:52:03,792[ISO8601] [main] DEBUG org.gamc.spmi.iwxxmConverter.test.common.LoggingTest  - test DEBUG
2021-04-13 21:52:03,792[ISO8601] [main] ERROR org.gamc.spmi.iwxxmConverter.test.common.LoggingTest  - test ERROR
2021-04-13 21:52:03,792[ISO8601] [main] INFO  org.gamc.spmi.iwxxmConverter.test.common.LoggingTest  - test INFO
2021-04-13 21:52:03,907[ISO8601] [main] DEBUG org.gamc.spmi.iwxxmConverter.wmo.WMORegister  - Total members in register org.gamc.spmi.iwxxmConverter.wmo.WMORunWayFrictionRegister: 101
2021-04-13 21:52:03,912[ISO8601] [main] DEBUG org.gamc.spmi.iwxxmConverter.wmo.WMORegister  - Searching the 45 in codes.wmo.int-bufr4-codeflag-0-20-089.rdf
2021-04-13 21:52:03,919[ISO8601] [main] DEBUG org.gamc.spmi.iwxxmConverter.wmo.WMORegister  - Total members in register org.gamc.spmi.iwxxmConverter.wmo.WMONilReasonRegister: 11
2021-04-13 21:52:03,920[ISO8601] [main] DEBUG org.gamc.spmi.iwxxmConverter.wmo.WMORegister  - Searching the UNKNOWN in codes.wmo.int-common-nil.rdf
2021-04-13 21:52:03,928[ISO8601] [main] DEBUG org.gamc.spmi.iwxxmConverter.wmo.WMORegister  - Total members in register org.gamc.spmi.iwxxmConverter.wmo.WMOCloudRegister: 10
2021-04-13 21:52:03,928[ISO8601] [main] DEBUG org.gamc.spmi.iwxxmConverter.wmo.WMORegister  - Searching the BKN in codes.wmo.int-49-2-CloudAmountReportedAtAerodrome.rdf
2021-04-13 21:52:03,934[ISO8601] [main] DEBUG org.gamc.spmi.iwxxmConverter.wmo.WMORegister  - Total members in register org.gamc.spmi.iwxxmConverter.wmo.WMOSigWXRegister: 17
2021-04-13 21:52:03,935[ISO8601] [main] DEBUG org.gamc.spmi.iwxxmConverter.wmo.WMORegister  - Searching the OBSC_TS in codes.wmo.int-49-2-SigWxPhenomena.rdf
2021-04-13 21:52:03,942[ISO8601] [main] DEBUG org.gamc.spmi.iwxxmConverter.wmo.WMORegister  - Total members in register org.gamc.spmi.iwxxmConverter.wmo.WMORunWayDepositsRegister: 11
2021-04-13 21:52:03,943[ISO8601] [main] DEBUG org.gamc.spmi.iwxxmConverter.wmo.WMORegister  - Searching the 8 in codes.wmo.int-bufr4-codeflag-0-20-086.rdf
2021-04-13 21:52:03,978[ISO8601] [main] DEBUG org.gamc.spmi.iwxxmConverter.wmo.WMORegister  - Total members in register org.gamc.spmi.iwxxmConverter.wmo.WMOPrecipitationRegister: 401
2021-04-13 21:52:03,984[ISO8601] [main] DEBUG org.gamc.spmi.iwxxmConverter.wmo.WMORegister  - Searching the +TSSNGS in codes.wmo.int-49-2-AerodromePresentOrForecastWeather.rdf
2021-04-13 21:52:04,001[ISO8601] [main] DEBUG org.gamc.spmi.iwxxmConverter.wmo.WMORegister  - Total members in register org.gamc.spmi.iwxxmConverter.wmo.WMOPrecipitationRegister: 401
2021-04-13 21:52:04,008[ISO8601] [main] DEBUG org.gamc.spmi.iwxxmConverter.wmo.WMORegister  - Searching the +SHGRRA in codes.wmo.int-49-2-AerodromePresentOrForecastWeather.rdf
2021-04-13 21:52:04,014[ISO8601] [main] DEBUG org.gamc.spmi.iwxxmConverter.wmo.WMORegister  - Total members in register org.gamc.spmi.iwxxmConverter.wmo.WMORunWayContaminationRegister: 5
2021-04-13 21:52:04,015[ISO8601] [main] DEBUG org.gamc.spmi.iwxxmConverter.wmo.WMORegister  - Searching the 9 in codes.wmo.int-bufr4-codeflag-0-20-087.rdf
2021-04-13 21:52:04,020[ISO8601] [main] DEBUG org.gamc.spmi.iwxxmConverter.wmo.WMORegister  - Total members in register org.gamc.spmi.iwxxmConverter.wmo.WMOSigConvectiveCloudTypeRegister: 2
2021-04-13 21:52:04,021[ISO8601] [main] DEBUG org.gamc.spmi.iwxxmConverter.wmo.WMORegister  - Searching the 9 in codes.wmo.int-49-2-SigConvectiveCloudType.rdf
2021-04-13 21:52:04,021[ISO8601] [main] DEBUG org.gamc.spmi.iwxxmConverter.wmo.WMORegister  - Searching the 32 in codes.wmo.int-49-2-SigConvectiveCloudType.rdf
2021-04-13 21:52:04,026[ISO8601] [main] DEBUG org.gamc.spmi.iwxxmConverter.wmo.WMORegister  - Total members in register org.gamc.spmi.iwxxmConverter.wmo.WMOCloudTypeRegister: 2
2021-04-13 21:52:04,027[ISO8601] [main] DEBUG org.gamc.spmi.iwxxmConverter.wmo.WMORegister  - Searching the 9 in codes.wmo.int-49-2-SigConvectiveCloudType.rdf
2021-04-13 21:52:04,033[ISO8601] [main] DEBUG org.gamc.spmi.iwxxmConverter.wmo.WMORegister  - Total members in register org.gamc.spmi.iwxxmConverter.wmo.WMOSpaceWeatherRegister: 8
2021-04-13 21:52:04,034[ISO8601] [main] DEBUG org.gamc.spmi.iwxxmConverter.wmo.WMORegister  - Searching the HF_COM_MOD in codes.wmo.int-49-2-SpaceWxPhenomena.rdf
2021-04-13 21:52:04,039[ISO8601] [main] DEBUG org.gamc.spmi.iwxxmConverter.wmo.WMORegister  - Total members in register org.gamc.spmi.iwxxmConverter.wmo.WMOSpaceWeatherLocationRegister: 7
2021-04-13 21:52:04,039[ISO8601] [main] DEBUG org.gamc.spmi.iwxxmConverter.wmo.WMORegister  - Searching the HSH in codes.wmo.int-49-2-SpaceWxLocation.rdf
