2019-09-16 18:11:30,345[ISO8601] [main] DEBUG org.gamc.spmi.iwxxmConverter.wmo.WMORegister  - Total members in precipitation: 401
2019-09-16 18:11:30,355[ISO8601] [main] DEBUG org.gamc.spmi.iwxxmConverter.wmo.WMORegister  - Total members in Clouds: 18
2019-09-16 18:11:30,363[ISO8601] [main] DEBUG org.gamc.spmi.iwxxmConverter.wmo.WMORegister  - Total members in RunwayDeposits: 11
2019-09-16 18:11:30,365[ISO8601] [main] DEBUG org.gamc.spmi.iwxxmConverter.wmo.WMORegister  - Total members in RunwayContaminations: 5
2019-09-16 18:11:30,370[ISO8601] [main] DEBUG org.gamc.spmi.iwxxmConverter.wmo.WMORegister  - Total members in RunwayFriction: 101
2019-09-16 18:11:41,754[ISO8601] [main] DEBUG org.gamc.spmi.iwxxmConverter.wmo.WMORegister  - Total members in CloudTypes : 2
2019-09-16 18:11:46,435[ISO8601] [main] DEBUG com.helger.schematron.xslt.SchematronResourceSCHCache  - Compiling Schematron instance [cpPath=iwxxm/schematron/iwxxm.sch; urlResolved=true; URL=file:/home/moryakov/git/repository/iwxxmConverter/iwxxm3Converter/target/test-classes/iwxxm/schematron/iwxxm.sch]
2019-09-16 18:11:46,436[ISO8601] [main] DEBUG com.helger.schematron.xslt.SchematronProviderXSLTFromSCH  - Creating XSLT step 1 template
2019-09-16 18:11:47,734[ISO8601] [main] DEBUG com.helger.schematron.xslt.SchematronProviderXSLTFromSCH  - Creating XSLT step 2 template
2019-09-16 18:11:47,763[ISO8601] [main] DEBUG com.helger.schematron.xslt.SchematronProviderXSLTFromSCH  - Creating XSLT step 3 template
2019-09-16 18:11:47,766[ISO8601] [main] DEBUG com.helger.commons.io.resourceresolver.DefaultResourceResolver  - Trying to resolve resource iso_schematron_skeleton_for_saxon.xsl from base jar:file:/home/moryakov/.m2/repository/com/helger/ph-schematron/5.0.1/ph-schematron-5.0.1.jar!/schematron/20100710-xslt2/iso_svrl_for_xslt2.xsl
2019-09-16 18:11:47,839[ISO8601] [main] DEBUG com.helger.commons.io.resourceresolver.DefaultResourceResolver  - Trying to resolve resource iso_schematron_skeleton_for_saxon.xsl from base jar:file:/home/moryakov/.m2/repository/com/helger/ph-schematron/5.0.1/ph-schematron-5.0.1.jar!/schematron/20100710-xslt2/iso_svrl_for_xslt2.xsl
2019-09-16 18:11:48,465[ISO8601] [main] DEBUG com.helger.schematron.xslt.SchematronProviderXSLTFromSCH  - Finished applying XSLT step 1 on [cpPath=iwxxm/schematron/iwxxm.sch; urlResolved=true; URL=file:/home/moryakov/git/repository/iwxxmConverter/iwxxm3Converter/target/test-classes/iwxxm/schematron/iwxxm.sch]
2019-09-16 18:11:48,550[ISO8601] [main] DEBUG com.helger.schematron.xslt.SchematronProviderXSLTFromSCH  - Finished applying XSLT step 2 on [cpPath=iwxxm/schematron/iwxxm.sch; urlResolved=true; URL=file:/home/moryakov/git/repository/iwxxmConverter/iwxxm3Converter/target/test-classes/iwxxm/schematron/iwxxm.sch]
2019-09-16 18:11:48,833[ISO8601] [main] DEBUG com.helger.schematron.xslt.SchematronProviderXSLTFromSCH  - Finished applying XSLT step 3 on [cpPath=iwxxm/schematron/iwxxm.sch; urlResolved=true; URL=file:/home/moryakov/git/repository/iwxxmConverter/iwxxm3Converter/target/test-classes/iwxxm/schematron/iwxxm.sch]
2019-09-16 18:11:49,142[ISO8601] [main] DEBUG com.helger.schematron.xslt.SchematronResourceSCHCache  - Finished compiling Schematron instance [cpPath=iwxxm/schematron/iwxxm.sch; urlResolved=true; URL=file:/home/moryakov/git/repository/iwxxmConverter/iwxxm3Converter/target/test-classes/iwxxm/schematron/iwxxm.sch]
2019-09-16 18:11:49,188[ISO8601] [main] DEBUG com.helger.schematron.xslt.AbstractSchematronXSLTBasedResource  - Applying Schematron XSLT on XML [start]
2019-09-16 18:11:49,204[ISO8601] [main] DEBUG com.helger.commons.io.resourceresolver.DefaultResourceResolver  - Trying to resolve resource codes.wmo.int-bufr4-codeflag-0-20-086.rdf from base 
2019-09-16 18:11:49,211[ISO8601] [main] DEBUG com.helger.commons.io.resourceresolver.DefaultResourceResolver  - Trying to resolve resource codes.wmo.int-bufr4-codeflag-0-20-087.rdf from base 
2019-09-16 18:11:49,224[ISO8601] [main] DEBUG com.helger.commons.io.resourceresolver.DefaultResourceResolver  - Trying to resolve resource codes.wmo.int-49-2-AerodromePresentOrForecastWeather.rdf from base 
2019-09-16 18:11:49,229[ISO8601] [main] DEBUG com.helger.commons.io.resourceresolver.DefaultResourceResolver  - Trying to resolve resource codes.wmo.int-bufr4-codeflag-0-20-089.rdf from base 
2019-09-16 18:11:49,278[ISO8601] [main] DEBUG com.helger.commons.io.resourceresolver.DefaultResourceResolver  - Trying to resolve resource codes.wmo.int-49-2-SigConvectiveCloudType.rdf from base 
2019-09-16 18:11:49,280[ISO8601] [main] DEBUG com.helger.commons.io.resourceresolver.DefaultResourceResolver  - Trying to resolve resource codes.wmo.int-49-2-CloudAmountReportedAtAerodrome.rdf from base 
2019-09-16 18:11:49,292[ISO8601] [main] DEBUG com.helger.schematron.xslt.AbstractSchematronXSLTBasedResource  - Applying Schematron XSLT on XML [end]
2019-09-16 18:11:49,335[ISO8601] [main] INFO  com.helger.jaxb.JAXBContextCache  - Creating JAXB context for package org.oclc.purl.dsdl.svrl using ClassLoader sun.misc.Launcher$AppClassLoader@18b4aac2
2019-09-16 18:11:49,399[ISO8601] [main] DEBUG com.helger.commons.lang.ServiceLoaderHelper  - Finished retrieving all 2 SPI implementations of interface com.helger.commons.hashcode.IHashCodeImplementationRegistrarSPI
2019-09-16 18:11:49,408[ISO8601] [main] DEBUG com.helger.commons.hashcode.HashCodeImplementationRegistry  - Reinitialized com.helger.commons.hashcode.HashCodeImplementationRegistry
2019-09-16 18:11:49,419[ISO8601] [main] DEBUG com.helger.commons.hashcode.HashCodeImplementationRegistry  - Found no hashCode implementation for class java.lang.String
2019-09-16 18:11:49,419[ISO8601] [main] DEBUG com.helger.commons.hashcode.HashCodeImplementationRegistry  - Found no hashCode implementation for class java.lang.Package
2019-09-16 18:11:49,420[ISO8601] [main] DEBUG com.helger.commons.hashcode.HashCodeImplementationRegistry  - Found no hashCode implementation for class sun.misc.Launcher$AppClassLoader
